<?xml version="1.0" encoding="UTF-8"?>
<!-- Generated by org.testng.reporters.JUnitXMLReporter -->
<testsuite hostname="ICPL12088" name="Shipwreks Automation" tests="1" failures="1" timestamp="8 Nov 2016 06:57:26 GMT" time="8.222" errors="0">
  <testcase name="TC_DEMO_01" time="8.103" classname="com.automation.test.ShipwreksTestSuite">
    <failure type="java.lang.NullPointerException">
      <![CDATA[java.lang.NullPointerException
	at org.openqa.selenium.remote.RemoteWebDriver.findElement(RemoteWebDriver.java:345)
	at org.openqa.selenium.support.ui.ExpectedConditions.findElement(ExpectedConditions.java:903)
	at org.openqa.selenium.support.ui.ExpectedConditions.access$000(ExpectedConditions.java:41)
	at org.openqa.selenium.support.ui.ExpectedConditions$6.apply(ExpectedConditions.java:181)
	at org.openqa.selenium.support.ui.ExpectedConditions$6.apply(ExpectedConditions.java:178)
	at org.openqa.selenium.support.ui.FluentWait.until(FluentWait.java:238)
	at com.automation.common.WebDriverTest.waitForPresent(WebDriverTest.java:83)
	at com.automation.page.mobile.MobileShipwreksHomePage.waitForPageToLoad(MobileShipwreksHomePage.java:23)
	at com.automation.page.mobile.MobileShipwreksHomePage.launchPage(MobileShipwreksHomePage.java:18)
	at com.automation.test.ShipwreksTestSuite.TC_DEMO_01(ShipwreksTestSuite.java:14)
	at java.util.concurrent.FutureTask.run(FutureTask.java:262)
	at java.util.concurrent.ThreadPoolExecutor.runWorker(ThreadPoolExecutor.java:1145)
	at java.util.concurrent.ThreadPoolExecutor$Worker.run(ThreadPoolExecutor.java:615)
	at java.lang.Thread.run(Thread.java:744)
... Removed 16 stack frames]]>
    </failure>
  </testcase> <!-- TC_DEMO_01 -->
</testsuite> <!-- Shipwreks Automation -->
