<?xml version="1.0" encoding="UTF-8"?>
<testng-results skipped="0" failed="1" total="1" passed="0">
  <reporter-output>
  </reporter-output>
  <suite name="Selenium Demo" duration-ms="8222" started-at="2016-11-08T06:57:18Z" finished-at="2016-11-08T06:57:26Z">
    <groups>
    </groups>
    <test name="Shipwreks Automation" duration-ms="8222" started-at="2016-11-08T06:57:18Z" finished-at="2016-11-08T06:57:26Z">
      <class name="com.automation.test.ShipwreksTestSuite">
        <test-method status="FAIL" signature="TC_DEMO_01()[pri:0, instance:com.automation.test.ShipwreksTestSuite@36ccf41c]" name="TC_DEMO_01" duration-ms="8103" started-at="2016-11-08T12:27:18Z" finished-at="2016-11-08T12:27:26Z">
          <exception class="java.lang.NullPointerException">
            <full-stacktrace>
              <![CDATA[java.lang.NullPointerException
	at org.openqa.selenium.remote.RemoteWebDriver.findElement(RemoteWebDriver.java:345)
	at org.openqa.selenium.support.ui.ExpectedConditions.findElement(ExpectedConditions.java:903)
	at org.openqa.selenium.support.ui.ExpectedConditions.access$000(ExpectedConditions.java:41)
	at org.openqa.selenium.support.ui.ExpectedConditions$6.apply(ExpectedConditions.java:181)
	at org.openqa.selenium.support.ui.ExpectedConditions$6.apply(ExpectedConditions.java:178)
	at org.openqa.selenium.support.ui.FluentWait.until(FluentWait.java:238)
	at com.automation.common.WebDriverTest.waitForPresent(WebDriverTest.java:83)
	at com.automation.page.mobile.MobileShipwreksHomePage.waitForPageToLoad(MobileShipwreksHomePage.java:23)
	at com.automation.page.mobile.MobileShipwreksHomePage.launchPage(MobileShipwreksHomePage.java:18)
	at com.automation.test.ShipwreksTestSuite.TC_DEMO_01(ShipwreksTestSuite.java:14)
	at sun.reflect.NativeMethodAccessorImpl.invoke0(Native Method)
	at sun.reflect.NativeMethodAccessorImpl.invoke(NativeMethodAccessorImpl.java:57)
	at sun.reflect.DelegatingMethodAccessorImpl.invoke(DelegatingMethodAccessorImpl.java:43)
	at java.lang.reflect.Method.invoke(Method.java:606)
	at org.testng.internal.MethodInvocationHelper.invokeMethod(MethodInvocationHelper.java:85)
	at org.testng.internal.Invoker.invokeMethod(Invoker.java:639)
	at org.testng.internal.Invoker.invokeTestMethod(Invoker.java:816)
	at org.testng.internal.Invoker.invokeTestMethods(Invoker.java:1124)
	at org.testng.internal.TestMethodWorker.invokeTestMethods(TestMethodWorker.java:125)
	at org.testng.internal.TestMethodWorker.run(TestMethodWorker.java:108)
	at org.testng.TestRunner.privateRun(TestRunner.java:774)
	at org.testng.TestRunner.run(TestRunner.java:624)
	at org.testng.SuiteRunner.runTest(SuiteRunner.java:359)
	at org.testng.SuiteRunner.access$000(SuiteRunner.java:39)
	at org.testng.SuiteRunner$SuiteWorker.run(SuiteRunner.java:393)
	at org.testng.internal.thread.ThreadUtil$2.call(ThreadUtil.java:64)
	at java.util.concurrent.FutureTask.run(FutureTask.java:262)
	at java.util.concurrent.ThreadPoolExecutor.runWorker(ThreadPoolExecutor.java:1145)
	at java.util.concurrent.ThreadPoolExecutor$Worker.run(ThreadPoolExecutor.java:615)
	at java.lang.Thread.run(Thread.java:744)
]]>
            </full-stacktrace>
          </exception> <!-- java.lang.NullPointerException -->
          <reporter-output>
          </reporter-output>
        </test-method> <!-- TC_DEMO_01 -->
        <test-method status="PASS" signature="shutDown()[pri:0, instance:com.automation.test.ShipwreksTestSuite@36ccf41c]" name="shutDown" is-config="true" duration-ms="1615" started-at="2016-11-08T12:27:26Z" finished-at="2016-11-08T12:27:28Z">
          <reporter-output>
          </reporter-output>
        </test-method> <!-- shutDown -->
      </class> <!-- com.automation.test.ShipwreksTestSuite -->
    </test> <!-- Shipwreks Automation -->
  </suite> <!-- Selenium Demo -->
</testng-results>
